build/app/intermediates/manifest_merge_blame_file/release/manifest-merger-blame-release-report.txt
1<?xml version="1.0" encoding="utf-8"?>
2<manifest xmlns:android="http://schemas.android.com/apk/res/android"
3    package="com.goowaySimasoft.co"
4    android:versionCode="8"
5    android:versionName="1.0.0" >
6
7    <uses-sdk
8        android:minSdkVersion="21"
8-->src/main/AndroidManifest.xml
9        android:targetSdkVersion="34" />
9-->src/main/AndroidManifest.xml
10
11    <uses-permission android:name="android.permission.ACCESS_FINE_LOCATION" />
11-->src/main/AndroidManifest.xml:2:5-3:65
11-->src/main/AndroidManifest.xml:3:9-63
12    <uses-permission android:name="android.permission.ACCESS_COARSE_LOCATION" />
12-->src/main/AndroidManifest.xml:4:5-5:67
12-->src/main/AndroidManifest.xml:5:9-65
13    <uses-permission android:name="android.permission.INTERNET" />
13-->src/main/AndroidManifest.xml:6:5-7:53
13-->src/main/AndroidManifest.xml:7:9-51
14    <!--
15         Required to query activities that can process text, see:
16         https://developer.android.com/training/package-visibility and
17         https://developer.android.com/reference/android/content/Intent#ACTION_PROCESS_TEXT.
18
19         In particular, this is used by the Flutter engine in io.flutter.plugin.text.ProcessTextPlugin.
20    -->
21    <queries>
21-->src/main/AndroidManifest.xml:53:5-58:15
22        <intent>
22-->src/main/AndroidManifest.xml:54:9-57:18
23            <action android:name="android.intent.action.PROCESS_TEXT" />
23-->src/main/AndroidManifest.xml:55:13-72
23-->src/main/AndroidManifest.xml:55:21-70
24
25            <data android:mimeType="text/plain" />
25-->src/main/AndroidManifest.xml:56:13-50
25-->src/main/AndroidManifest.xml:56:19-48
26        </intent>
27    </queries>
28
29    <uses-permission android:name="android.permission.WAKE_LOCK" />
29-->[:firebase_messaging] AndroidManifest.xml:10:5-68
29-->[:firebase_messaging] AndroidManifest.xml:10:22-65
30    <uses-permission android:name="android.permission.ACCESS_NETWORK_STATE" /> <!-- Permissions options for the `notification` group -->
30-->[:firebase_messaging] AndroidManifest.xml:11:5-79
30-->[:firebase_messaging] AndroidManifest.xml:11:22-76
31    <uses-permission android:name="android.permission.POST_NOTIFICATIONS" />
31-->[:firebase_messaging] AndroidManifest.xml:13:5-77
31-->[:firebase_messaging] AndroidManifest.xml:13:22-74
32    <uses-permission android:name="android.permission.VIBRATE" /> <!-- Required by older versions of Google Play services to create IID tokens -->
32-->[:flutter_local_notifications] AndroidManifest.xml:9:5-66
32-->[:flutter_local_notifications] AndroidManifest.xml:9:22-63
33    <uses-permission android:name="com.google.android.c2dm.permission.RECEIVE" />
33-->[com.google.firebase:firebase-messaging:24.1.0] AndroidManifest.xml:26:5-82
33-->[com.google.firebase:firebase-messaging:24.1.0] AndroidManifest.xml:26:22-79
34    <uses-permission android:name="com.google.android.gms.permission.AD_ID" />
34-->[com.google.android.gms:play-services-measurement-api:22.1.2] AndroidManifest.xml:25:5-79
34-->[com.google.android.gms:play-services-measurement-api:22.1.2] AndroidManifest.xml:25:22-76
35    <uses-permission android:name="android.permission.ACCESS_ADSERVICES_ATTRIBUTION" />
35-->[com.google.android.gms:play-services-measurement-api:22.1.2] AndroidManifest.xml:26:5-88
35-->[com.google.android.gms:play-services-measurement-api:22.1.2] AndroidManifest.xml:26:22-85
36    <uses-permission android:name="android.permission.ACCESS_ADSERVICES_AD_ID" />
36-->[com.google.android.gms:play-services-measurement-api:22.1.2] AndroidManifest.xml:27:5-82
36-->[com.google.android.gms:play-services-measurement-api:22.1.2] AndroidManifest.xml:27:22-79
37    <uses-permission android:name="com.google.android.finsky.permission.BIND_GET_INSTALL_REFERRER_SERVICE" />
37-->[com.google.android.gms:play-services-measurement:22.1.2] AndroidManifest.xml:26:5-110
37-->[com.google.android.gms:play-services-measurement:22.1.2] AndroidManifest.xml:26:22-107
38
39    <permission
39-->[androidx.core:core:1.13.1] AndroidManifest.xml:22:5-24:47
40        android:name="com.goowaySimasoft.co.DYNAMIC_RECEIVER_NOT_EXPORTED_PERMISSION"
40-->[androidx.core:core:1.13.1] AndroidManifest.xml:23:9-81
41        android:protectionLevel="signature" />
41-->[androidx.core:core:1.13.1] AndroidManifest.xml:24:9-44
42
43    <uses-permission android:name="com.goowaySimasoft.co.DYNAMIC_RECEIVER_NOT_EXPORTED_PERMISSION" />
43-->[androidx.core:core:1.13.1] AndroidManifest.xml:26:5-97
43-->[androidx.core:core:1.13.1] AndroidManifest.xml:26:22-94
44
45    <application
46        android:name="android.app.Application"
46-->src/main/AndroidManifest.xml:13:9-42
47        android:appComponentFactory="androidx.core.app.CoreComponentFactory"
47-->[androidx.core:core:1.13.1] AndroidManifest.xml:28:18-86
48        android:icon="@mipmap/launcher_icon"
48-->src/main/AndroidManifest.xml:14:9-45
49        android:label="Gooway" >
49-->src/main/AndroidManifest.xml:12:9-31
50        <activity
50-->src/main/AndroidManifest.xml:15:9-36:20
51            android:name="com.goowaySimasoft.co.MainActivity"
51-->src/main/AndroidManifest.xml:16:13-41
52            android:configChanges="orientation|keyboardHidden|keyboard|screenSize|smallestScreenSize|locale|layoutDirection|fontScale|screenLayout|density|uiMode"
52-->src/main/AndroidManifest.xml:21:13-163
53            android:exported="true"
53-->src/main/AndroidManifest.xml:17:13-36
54            android:hardwareAccelerated="true"
54-->src/main/AndroidManifest.xml:22:13-47
55            android:launchMode="singleTop"
55-->src/main/AndroidManifest.xml:18:13-43
56            android:taskAffinity=""
56-->src/main/AndroidManifest.xml:19:13-36
57            android:theme="@style/LaunchTheme"
57-->src/main/AndroidManifest.xml:20:13-47
58            android:windowSoftInputMode="adjustResize" >
58-->src/main/AndroidManifest.xml:23:13-55
59
60            <!--
61                 Specifies an Android theme to apply to this Activity as soon as
62                 the Android process has started. This theme is visible to the user
63                 while the Flutter UI initializes. After that, this theme continues
64                 to determine the Window background behind the Flutter UI.
65            -->
66            <meta-data
66-->src/main/AndroidManifest.xml:28:13-31:17
67                android:name="io.flutter.embedding.android.NormalTheme"
67-->src/main/AndroidManifest.xml:29:15-70
68                android:resource="@style/NormalTheme" />
68-->src/main/AndroidManifest.xml:30:15-52
69
70            <intent-filter>
70-->src/main/AndroidManifest.xml:32:13-35:29
71                <action android:name="android.intent.action.MAIN" />
71-->src/main/AndroidManifest.xml:33:17-68
71-->src/main/AndroidManifest.xml:33:25-66
72
73                <category android:name="android.intent.category.LAUNCHER" />
73-->src/main/AndroidManifest.xml:34:17-76
73-->src/main/AndroidManifest.xml:34:27-74
74            </intent-filter>
75        </activity>
76
77        <meta-data
77-->src/main/AndroidManifest.xml:39:9-41:54
78            android:name="com.google.firebase.messaging.default_notification_channel_id"
78-->src/main/AndroidManifest.xml:40:13-89
79            android:value="high_importance_channel" />
79-->src/main/AndroidManifest.xml:41:13-52
80        <!--
81             Don't delete the meta-data below.
82             This is used by the Flutter tool to generate GeneratedPluginRegistrant.java
83        -->
84        <meta-data
84-->src/main/AndroidManifest.xml:44:9-46:33
85            android:name="flutterEmbedding"
85-->src/main/AndroidManifest.xml:45:13-44
86            android:value="2" />
86-->src/main/AndroidManifest.xml:46:13-30
87
88        <service
88-->[:firebase_messaging] AndroidManifest.xml:16:9-19:72
89            android:name="io.flutter.plugins.firebase.messaging.FlutterFirebaseMessagingBackgroundService"
89-->[:firebase_messaging] AndroidManifest.xml:17:13-107
90            android:exported="false"
90-->[:firebase_messaging] AndroidManifest.xml:18:13-37
91            android:permission="android.permission.BIND_JOB_SERVICE" />
91-->[:firebase_messaging] AndroidManifest.xml:19:13-69
92        <service
92-->[:firebase_messaging] AndroidManifest.xml:20:9-26:19
93            android:name="io.flutter.plugins.firebase.messaging.FlutterFirebaseMessagingService"
93-->[:firebase_messaging] AndroidManifest.xml:21:13-97
94            android:exported="false" >
94-->[:firebase_messaging] AndroidManifest.xml:22:13-37
95            <intent-filter>
95-->[:firebase_messaging] AndroidManifest.xml:23:13-25:29
96                <action android:name="com.google.firebase.MESSAGING_EVENT" />
96-->[:firebase_messaging] AndroidManifest.xml:24:17-78
96-->[:firebase_messaging] AndroidManifest.xml:24:25-75
97            </intent-filter>
98        </service>
99
100        <receiver
100-->[:firebase_messaging] AndroidManifest.xml:28:9-35:20
101            android:name="io.flutter.plugins.firebase.messaging.FlutterFirebaseMessagingReceiver"
101-->[:firebase_messaging] AndroidManifest.xml:29:13-98
102            android:exported="true"
102-->[:firebase_messaging] AndroidManifest.xml:30:13-36
103            android:permission="com.google.android.c2dm.permission.SEND" >
103-->[:firebase_messaging] AndroidManifest.xml:31:13-73
104            <intent-filter>
104-->[:firebase_messaging] AndroidManifest.xml:32:13-34:29
105                <action android:name="com.google.android.c2dm.intent.RECEIVE" />
105-->[:firebase_messaging] AndroidManifest.xml:33:17-81
105-->[:firebase_messaging] AndroidManifest.xml:33:25-78
106            </intent-filter>
107        </receiver>
108
109        <service
109-->[:firebase_messaging] AndroidManifest.xml:37:9-41:19
110            android:name="com.google.firebase.components.ComponentDiscoveryService"
110-->[:firebase_messaging] AndroidManifest.xml:37:18-89
111            android:directBootAware="true"
111-->[com.google.firebase:firebase-common:21.0.0] AndroidManifest.xml:32:13-43
112            android:exported="false" >
112-->[com.google.firebase:firebase-messaging:24.1.0] AndroidManifest.xml:56:13-37
113            <meta-data
113-->[:firebase_messaging] AndroidManifest.xml:38:13-40:85
114                android:name="com.google.firebase.components:io.flutter.plugins.firebase.messaging.FlutterFirebaseAppRegistrar"
114-->[:firebase_messaging] AndroidManifest.xml:39:17-128
115                android:value="com.google.firebase.components.ComponentRegistrar" />
115-->[:firebase_messaging] AndroidManifest.xml:40:17-82
116            <meta-data
116-->[:firebase_core] AndroidManifest.xml:11:13-13:85
117                android:name="com.google.firebase.components:io.flutter.plugins.firebase.core.FlutterFirebaseCoreRegistrar"
117-->[:firebase_core] AndroidManifest.xml:12:17-124
118                android:value="com.google.firebase.components.ComponentRegistrar" />
118-->[:firebase_core] AndroidManifest.xml:13:17-82
119            <meta-data
119-->[com.google.firebase:firebase-messaging:24.1.0] AndroidManifest.xml:57:13-59:85
120                android:name="com.google.firebase.components:com.google.firebase.messaging.FirebaseMessagingKtxRegistrar"
120-->[com.google.firebase:firebase-messaging:24.1.0] AndroidManifest.xml:58:17-122
121                android:value="com.google.firebase.components.ComponentRegistrar" />
121-->[com.google.firebase:firebase-messaging:24.1.0] AndroidManifest.xml:59:17-82
122            <meta-data
122-->[com.google.firebase:firebase-messaging:24.1.0] AndroidManifest.xml:60:13-62:85
123                android:name="com.google.firebase.components:com.google.firebase.messaging.FirebaseMessagingRegistrar"
123-->[com.google.firebase:firebase-messaging:24.1.0] AndroidManifest.xml:61:17-119
124                android:value="com.google.firebase.components.ComponentRegistrar" />
124-->[com.google.firebase:firebase-messaging:24.1.0] AndroidManifest.xml:62:17-82
125            <meta-data
125-->[com.google.android.gms:play-services-measurement-api:22.1.2] AndroidManifest.xml:37:13-39:85
126                android:name="com.google.firebase.components:com.google.firebase.analytics.connector.internal.AnalyticsConnectorRegistrar"
126-->[com.google.android.gms:play-services-measurement-api:22.1.2] AndroidManifest.xml:38:17-139
127                android:value="com.google.firebase.components.ComponentRegistrar" />
127-->[com.google.android.gms:play-services-measurement-api:22.1.2] AndroidManifest.xml:39:17-82
128            <meta-data
128-->[com.google.firebase:firebase-installations:18.0.0] AndroidManifest.xml:15:13-17:85
129                android:name="com.google.firebase.components:com.google.firebase.installations.FirebaseInstallationsKtxRegistrar"
129-->[com.google.firebase:firebase-installations:18.0.0] AndroidManifest.xml:16:17-130
130                android:value="com.google.firebase.components.ComponentRegistrar" />
130-->[com.google.firebase:firebase-installations:18.0.0] AndroidManifest.xml:17:17-82
131            <meta-data
131-->[com.google.firebase:firebase-installations:18.0.0] AndroidManifest.xml:18:13-20:85
132                android:name="com.google.firebase.components:com.google.firebase.installations.FirebaseInstallationsRegistrar"
132-->[com.google.firebase:firebase-installations:18.0.0] AndroidManifest.xml:19:17-127
133                android:value="com.google.firebase.components.ComponentRegistrar" />
133-->[com.google.firebase:firebase-installations:18.0.0] AndroidManifest.xml:20:17-82
134            <meta-data
134-->[com.google.firebase:firebase-common-ktx:21.0.0] AndroidManifest.xml:12:13-14:85
135                android:name="com.google.firebase.components:com.google.firebase.ktx.FirebaseCommonLegacyRegistrar"
135-->[com.google.firebase:firebase-common-ktx:21.0.0] AndroidManifest.xml:13:17-116
136                android:value="com.google.firebase.components.ComponentRegistrar" />
136-->[com.google.firebase:firebase-common-ktx:21.0.0] AndroidManifest.xml:14:17-82
137            <meta-data
137-->[com.google.firebase:firebase-common:21.0.0] AndroidManifest.xml:35:13-37:85
138                android:name="com.google.firebase.components:com.google.firebase.FirebaseCommonKtxRegistrar"
138-->[com.google.firebase:firebase-common:21.0.0] AndroidManifest.xml:36:17-109
139                android:value="com.google.firebase.components.ComponentRegistrar" />
139-->[com.google.firebase:firebase-common:21.0.0] AndroidManifest.xml:37:17-82
140            <meta-data
140-->[com.google.firebase:firebase-datatransport:18.2.0] AndroidManifest.xml:25:13-27:85
141                android:name="com.google.firebase.components:com.google.firebase.datatransport.TransportRegistrar"
141-->[com.google.firebase:firebase-datatransport:18.2.0] AndroidManifest.xml:26:17-115
142                android:value="com.google.firebase.components.ComponentRegistrar" />
142-->[com.google.firebase:firebase-datatransport:18.2.0] AndroidManifest.xml:27:17-82
143        </service>
144
145        <provider
145-->[:firebase_messaging] AndroidManifest.xml:43:9-47:38
146            android:name="io.flutter.plugins.firebase.messaging.FlutterFirebaseMessagingInitProvider"
146-->[:firebase_messaging] AndroidManifest.xml:44:13-102
147            android:authorities="com.goowaySimasoft.co.flutterfirebasemessaginginitprovider"
147-->[:firebase_messaging] AndroidManifest.xml:45:13-88
148            android:exported="false"
148-->[:firebase_messaging] AndroidManifest.xml:46:13-37
149            android:initOrder="99" />
149-->[:firebase_messaging] AndroidManifest.xml:47:13-35
150
151        <service
151-->[:geolocator_android] AndroidManifest.xml:10:9-14:56
152            android:name="com.baseflow.geolocator.GeolocatorLocationService"
152-->[:geolocator_android] AndroidManifest.xml:11:13-77
153            android:enabled="true"
153-->[:geolocator_android] AndroidManifest.xml:12:13-35
154            android:exported="false"
154-->[:geolocator_android] AndroidManifest.xml:13:13-37
155            android:foregroundServiceType="location" />
155-->[:geolocator_android] AndroidManifest.xml:14:13-53
156
157        <activity
157-->[:url_launcher_android] AndroidManifest.xml:10:9-13:74
158            android:name="io.flutter.plugins.urllauncher.WebViewActivity"
158-->[:url_launcher_android] AndroidManifest.xml:11:13-74
159            android:exported="false"
159-->[:url_launcher_android] AndroidManifest.xml:12:13-37
160            android:theme="@android:style/Theme.NoTitleBar.Fullscreen" />
160-->[:url_launcher_android] AndroidManifest.xml:13:13-71
161
162        <receiver
162-->[com.google.firebase:firebase-messaging:24.1.0] AndroidManifest.xml:29:9-40:20
163            android:name="com.google.firebase.iid.FirebaseInstanceIdReceiver"
163-->[com.google.firebase:firebase-messaging:24.1.0] AndroidManifest.xml:30:13-78
164            android:exported="true"
164-->[com.google.firebase:firebase-messaging:24.1.0] AndroidManifest.xml:31:13-36
165            android:permission="com.google.android.c2dm.permission.SEND" >
165-->[com.google.firebase:firebase-messaging:24.1.0] AndroidManifest.xml:32:13-73
166            <intent-filter>
166-->[:firebase_messaging] AndroidManifest.xml:32:13-34:29
167                <action android:name="com.google.android.c2dm.intent.RECEIVE" />
167-->[:firebase_messaging] AndroidManifest.xml:33:17-81
167-->[:firebase_messaging] AndroidManifest.xml:33:25-78
168            </intent-filter>
169
170            <meta-data
170-->[com.google.firebase:firebase-messaging:24.1.0] AndroidManifest.xml:37:13-39:40
171                android:name="com.google.android.gms.cloudmessaging.FINISHED_AFTER_HANDLED"
171-->[com.google.firebase:firebase-messaging:24.1.0] AndroidManifest.xml:38:17-92
172                android:value="true" />
172-->[com.google.firebase:firebase-messaging:24.1.0] AndroidManifest.xml:39:17-37
173        </receiver>
174        <!--
175             FirebaseMessagingService performs security checks at runtime,
176             but set to not exported to explicitly avoid allowing another app to call it.
177        -->
178        <service
178-->[com.google.firebase:firebase-messaging:24.1.0] AndroidManifest.xml:46:9-53:19
179            android:name="com.google.firebase.messaging.FirebaseMessagingService"
179-->[com.google.firebase:firebase-messaging:24.1.0] AndroidManifest.xml:47:13-82
180            android:directBootAware="true"
180-->[com.google.firebase:firebase-messaging:24.1.0] AndroidManifest.xml:48:13-43
181            android:exported="false" >
181-->[com.google.firebase:firebase-messaging:24.1.0] AndroidManifest.xml:49:13-37
182            <intent-filter android:priority="-500" >
182-->[:firebase_messaging] AndroidManifest.xml:23:13-25:29
183                <action android:name="com.google.firebase.MESSAGING_EVENT" />
183-->[:firebase_messaging] AndroidManifest.xml:24:17-78
183-->[:firebase_messaging] AndroidManifest.xml:24:25-75
184            </intent-filter>
185        </service>
186
187        <property
187-->[com.google.android.gms:play-services-measurement-api:22.1.2] AndroidManifest.xml:30:9-32:61
188            android:name="android.adservices.AD_SERVICES_CONFIG"
188-->[com.google.android.gms:play-services-measurement-api:22.1.2] AndroidManifest.xml:31:13-65
189            android:resource="@xml/ga_ad_services_config" />
189-->[com.google.android.gms:play-services-measurement-api:22.1.2] AndroidManifest.xml:32:13-58
190
191        <uses-library
191-->[androidx.window:window:1.2.0] AndroidManifest.xml:23:9-25:40
192            android:name="androidx.window.extensions"
192-->[androidx.window:window:1.2.0] AndroidManifest.xml:24:13-54
193            android:required="false" />
193-->[androidx.window:window:1.2.0] AndroidManifest.xml:25:13-37
194        <uses-library
194-->[androidx.window:window:1.2.0] AndroidManifest.xml:26:9-28:40
195            android:name="androidx.window.sidecar"
195-->[androidx.window:window:1.2.0] AndroidManifest.xml:27:13-51
196            android:required="false" />
196-->[androidx.window:window:1.2.0] AndroidManifest.xml:28:13-37
197
198        <provider
198-->[com.google.firebase:firebase-common:21.0.0] AndroidManifest.xml:23:9-28:39
199            android:name="com.google.firebase.provider.FirebaseInitProvider"
199-->[com.google.firebase:firebase-common:21.0.0] AndroidManifest.xml:24:13-77
200            android:authorities="com.goowaySimasoft.co.firebaseinitprovider"
200-->[com.google.firebase:firebase-common:21.0.0] AndroidManifest.xml:25:13-72
201            android:directBootAware="true"
201-->[com.google.firebase:firebase-common:21.0.0] AndroidManifest.xml:26:13-43
202            android:exported="false"
202-->[com.google.firebase:firebase-common:21.0.0] AndroidManifest.xml:27:13-37
203            android:initOrder="100" />
203-->[com.google.firebase:firebase-common:21.0.0] AndroidManifest.xml:28:13-36
204
205        <receiver
205-->[com.google.android.gms:play-services-measurement:22.1.2] AndroidManifest.xml:29:9-33:20
206            android:name="com.google.android.gms.measurement.AppMeasurementReceiver"
206-->[com.google.android.gms:play-services-measurement:22.1.2] AndroidManifest.xml:30:13-85
207            android:enabled="true"
207-->[com.google.android.gms:play-services-measurement:22.1.2] AndroidManifest.xml:31:13-35
208            android:exported="false" >
208-->[com.google.android.gms:play-services-measurement:22.1.2] AndroidManifest.xml:32:13-37
209        </receiver>
210
211        <service
211-->[com.google.android.gms:play-services-measurement:22.1.2] AndroidManifest.xml:35:9-38:40
212            android:name="com.google.android.gms.measurement.AppMeasurementService"
212-->[com.google.android.gms:play-services-measurement:22.1.2] AndroidManifest.xml:36:13-84
213            android:enabled="true"
213-->[com.google.android.gms:play-services-measurement:22.1.2] AndroidManifest.xml:37:13-35
214            android:exported="false" />
214-->[com.google.android.gms:play-services-measurement:22.1.2] AndroidManifest.xml:38:13-37
215        <service
215-->[com.google.android.gms:play-services-measurement:22.1.2] AndroidManifest.xml:39:9-43:72
216            android:name="com.google.android.gms.measurement.AppMeasurementJobService"
216-->[com.google.android.gms:play-services-measurement:22.1.2] AndroidManifest.xml:40:13-87
217            android:enabled="true"
217-->[com.google.android.gms:play-services-measurement:22.1.2] AndroidManifest.xml:41:13-35
218            android:exported="false"
218-->[com.google.android.gms:play-services-measurement:22.1.2] AndroidManifest.xml:42:13-37
219            android:permission="android.permission.BIND_JOB_SERVICE" />
219-->[com.google.android.gms:play-services-measurement:22.1.2] AndroidManifest.xml:43:13-69
220
221        <activity
221-->[com.google.android.gms:play-services-base:18.5.0] AndroidManifest.xml:5:9-173
222            android:name="com.google.android.gms.common.api.GoogleApiActivity"
222-->[com.google.android.gms:play-services-base:18.5.0] AndroidManifest.xml:5:19-85
223            android:exported="false"
223-->[com.google.android.gms:play-services-base:18.5.0] AndroidManifest.xml:5:146-170
224            android:theme="@android:style/Theme.Translucent.NoTitleBar" />
224-->[com.google.android.gms:play-services-base:18.5.0] AndroidManifest.xml:5:86-145
225
226        <uses-library
226-->[androidx.privacysandbox.ads:ads-adservices:1.0.0-beta05] AndroidManifest.xml:23:9-25:40
227            android:name="android.ext.adservices"
227-->[androidx.privacysandbox.ads:ads-adservices:1.0.0-beta05] AndroidManifest.xml:24:13-50
228            android:required="false" />
228-->[androidx.privacysandbox.ads:ads-adservices:1.0.0-beta05] AndroidManifest.xml:25:13-37
229
230        <meta-data
230-->[com.google.android.gms:play-services-basement:18.4.0] AndroidManifest.xml:6:9-122
231            android:name="com.google.android.gms.version"
231-->[com.google.android.gms:play-services-basement:18.4.0] AndroidManifest.xml:6:20-65
232            android:value="@integer/google_play_services_version" />
232-->[com.google.android.gms:play-services-basement:18.4.0] AndroidManifest.xml:6:66-119
233
234        <provider
234-->[androidx.lifecycle:lifecycle-process:2.7.0] AndroidManifest.xml:24:9-32:20
235            android:name="androidx.startup.InitializationProvider"
235-->[androidx.lifecycle:lifecycle-process:2.7.0] AndroidManifest.xml:25:13-67
236            android:authorities="com.goowaySimasoft.co.androidx-startup"
236-->[androidx.lifecycle:lifecycle-process:2.7.0] AndroidManifest.xml:26:13-68
237            android:exported="false" >
237-->[androidx.lifecycle:lifecycle-process:2.7.0] AndroidManifest.xml:27:13-37
238            <meta-data
238-->[androidx.lifecycle:lifecycle-process:2.7.0] AndroidManifest.xml:29:13-31:52
239                android:name="androidx.lifecycle.ProcessLifecycleInitializer"
239-->[androidx.lifecycle:lifecycle-process:2.7.0] AndroidManifest.xml:30:17-78
240                android:value="androidx.startup" />
240-->[androidx.lifecycle:lifecycle-process:2.7.0] AndroidManifest.xml:31:17-49
241            <meta-data
241-->[androidx.profileinstaller:profileinstaller:1.3.1] AndroidManifest.xml:29:13-31:52
242                android:name="androidx.profileinstaller.ProfileInstallerInitializer"
242-->[androidx.profileinstaller:profileinstaller:1.3.1] AndroidManifest.xml:30:17-85
243                android:value="androidx.startup" />
243-->[androidx.profileinstaller:profileinstaller:1.3.1] AndroidManifest.xml:31:17-49
244        </provider>
245
246        <receiver
246-->[androidx.profileinstaller:profileinstaller:1.3.1] AndroidManifest.xml:34:9-52:20
247            android:name="androidx.profileinstaller.ProfileInstallReceiver"
247-->[androidx.profileinstaller:profileinstaller:1.3.1] AndroidManifest.xml:35:13-76
248            android:directBootAware="false"
248-->[androidx.profileinstaller:profileinstaller:1.3.1] AndroidManifest.xml:36:13-44
249            android:enabled="true"
249-->[androidx.profileinstaller:profileinstaller:1.3.1] AndroidManifest.xml:37:13-35
250            android:exported="true"
250-->[androidx.profileinstaller:profileinstaller:1.3.1] AndroidManifest.xml:38:13-36
251            android:permission="android.permission.DUMP" >
251-->[androidx.profileinstaller:profileinstaller:1.3.1] AndroidManifest.xml:39:13-57
252            <intent-filter>
252-->[androidx.profileinstaller:profileinstaller:1.3.1] AndroidManifest.xml:40:13-42:29
253                <action android:name="androidx.profileinstaller.action.INSTALL_PROFILE" />
253-->[androidx.profileinstaller:profileinstaller:1.3.1] AndroidManifest.xml:41:17-91
253-->[androidx.profileinstaller:profileinstaller:1.3.1] AndroidManifest.xml:41:25-88
254            </intent-filter>
255            <intent-filter>
255-->[androidx.profileinstaller:profileinstaller:1.3.1] AndroidManifest.xml:43:13-45:29
256                <action android:name="androidx.profileinstaller.action.SKIP_FILE" />
256-->[androidx.profileinstaller:profileinstaller:1.3.1] AndroidManifest.xml:44:17-85
256-->[androidx.profileinstaller:profileinstaller:1.3.1] AndroidManifest.xml:44:25-82
257            </intent-filter>
258            <intent-filter>
258-->[androidx.profileinstaller:profileinstaller:1.3.1] AndroidManifest.xml:46:13-48:29
259                <action android:name="androidx.profileinstaller.action.SAVE_PROFILE" />
259-->[androidx.profileinstaller:profileinstaller:1.3.1] AndroidManifest.xml:47:17-88
259-->[androidx.profileinstaller:profileinstaller:1.3.1] AndroidManifest.xml:47:25-85
260            </intent-filter>
261            <intent-filter>
261-->[androidx.profileinstaller:profileinstaller:1.3.1] AndroidManifest.xml:49:13-51:29
262                <action android:name="androidx.profileinstaller.action.BENCHMARK_OPERATION" />
262-->[androidx.profileinstaller:profileinstaller:1.3.1] AndroidManifest.xml:50:17-95
262-->[androidx.profileinstaller:profileinstaller:1.3.1] AndroidManifest.xml:50:25-92
263            </intent-filter>
264        </receiver>
265
266        <service
266-->[com.google.android.datatransport:transport-backend-cct:3.1.9] AndroidManifest.xml:28:9-34:19
267            android:name="com.google.android.datatransport.runtime.backends.TransportBackendDiscovery"
267-->[com.google.android.datatransport:transport-backend-cct:3.1.9] AndroidManifest.xml:29:13-103
268            android:exported="false" >
268-->[com.google.android.datatransport:transport-backend-cct:3.1.9] AndroidManifest.xml:30:13-37
269            <meta-data
269-->[com.google.android.datatransport:transport-backend-cct:3.1.9] AndroidManifest.xml:31:13-33:39
270                android:name="backend:com.google.android.datatransport.cct.CctBackendFactory"
270-->[com.google.android.datatransport:transport-backend-cct:3.1.9] AndroidManifest.xml:32:17-94
271                android:value="cct" />
271-->[com.google.android.datatransport:transport-backend-cct:3.1.9] AndroidManifest.xml:33:17-36
272        </service>
273        <service
273-->[com.google.android.datatransport:transport-runtime:3.1.9] AndroidManifest.xml:26:9-30:19
274            android:name="com.google.android.datatransport.runtime.scheduling.jobscheduling.JobInfoSchedulerService"
274-->[com.google.android.datatransport:transport-runtime:3.1.9] AndroidManifest.xml:27:13-117
275            android:exported="false"
275-->[com.google.android.datatransport:transport-runtime:3.1.9] AndroidManifest.xml:28:13-37
276            android:permission="android.permission.BIND_JOB_SERVICE" >
276-->[com.google.android.datatransport:transport-runtime:3.1.9] AndroidManifest.xml:29:13-69
277        </service>
278
279        <receiver
279-->[com.google.android.datatransport:transport-runtime:3.1.9] AndroidManifest.xml:32:9-34:40
280            android:name="com.google.android.datatransport.runtime.scheduling.jobscheduling.AlarmManagerSchedulerBroadcastReceiver"